
























DATE: 01/05/2022                                     C SHIVELY'S BOATS INC.                                                 PAGE:  1

CUSTOMER                                    BOAT         PURCHASE           ACCESSORY                     PREP                 VALUE
LAST NAME              STATE                COST         DATE               PACKAGE                       COST                  COST
                                                                                                                                    BOAT TYPE: BASS BOAT                                                                                                                

Bass IA  E              IA                   .00         12/14/21           ELECTRONICS                    .00                   .00
Bass IA  S              IA            999,999.99         12/14/21           SKI PACKAGE              99,999.99          1,099,999.98
Bass IA  F              IA            999,999.99         12/14/21           FISHING PACKAGE          99,999.99          1,099,999.98
Bass MO  E              MO            100,000.00         12/14/21           ELECTRONICS              10,000.00            110,000.00
Bass MO  S              MO            200,000.00         12/14/21           SKI PACKAGE              20,000.00            220,000.00
Bass MO  F              MO            200,000.00         12/14/21           FISHING PACKAGE          20,000.00            220,000.00
Bass WA  E              WA            300,000.00         12/14/21           ELECTRONICS              30,000.00            330,000.00
Bass WA  S              WA            400,000.00         12/14/21           SKI PACKAGE              40,000.00            440,000.00
Bass WA  F              WA            400,000.00         12/14/21           FISHING PACKAGE          40,000.00            440,000.00

                       SUBTOTALS FOR BASS BOAT              NUMBER SOLD:      9                                        $3,959,999.96

BOAT TYPE: PONTOON                                                                                                                  
                                                                                                                                    
Pontoon IA  E           IA                   .00         12/14/21           ELECTRONICS                    .00                   .00




DATE: 01/05/2022                                     C SHIVELY'S BOATS INC.                                                 PAGE:  2

CUSTOMER                                    BOAT         PURCHASE           ACCESSORY                     PREP                 VALUE
LAST NAME              STATE                COST         DATE               PACKAGE                       COST                  COST
                                                                                                                                    
Pontoon IA  S           IA            999,999.99         12/14/21           SKI PACKAGE              99,999.99          1,099,999.98
Pontoon IA  F           IA            999,999.99         12/14/21           FISHING PACKAGE          99,999.99          1,099,999.98
Pontoon MO  E           MO            100,000.00         12/14/21           ELECTRONICS              10,000.00            110,000.00
Pontoon MO  S           MO            200,000.00         12/14/21           SKI PACKAGE              20,000.00            220,000.00
Pontoon MO  F           MO            200,000.00         12/14/21           FISHING PACKAGE          20,000.00            220,000.00
Pontoon WA  E           WA            400,000.00         12/14/21           ELECTRONICS              40,000.00            440,000.00
Pontoon WA  S           WA            400,000.00         12/14/21           SKI PACKAGE              40,000.00            440,000.00
Pontoon WA  F           WA            300,000.00         12/14/21           FISHING PACKAGE          30,000.00            330,000.00

                       SUBTOTALS FOR PONTOON                NUMBER SOLD:      9                                        $3,959,999.96

BOAT TYPE: SKI BOAT                                                                                                                 
                                                                                                                                    
Ski Boat IA E           IA                   .00         12/14/21           ELECTRONICS                    .00                   .00
Ski Boat IA S           IA            999,999.99         12/14/21           SKI PACKAGE              99,999.99          1,099,999.98





DATE: 01/05/2022                                     C SHIVELY'S BOATS INC.                                                 PAGE:  3

CUSTOMER                                    BOAT         PURCHASE           ACCESSORY                     PREP                 VALUE
LAST NAME              STATE                COST         DATE               PACKAGE                       COST                  COST
                                                                                                                                    
Ski Boat IA F           IA            999,999.99         12/14/21           FISHING PACKAGE          99,999.99          1,099,999.98
Ski Boat MO E           MO            100,000.00         12/14/21           ELECTRONICS              10,000.00            110,000.00
Ski Boat MO S           MO            200,000.00         12/14/21           SKI PACKAGE              20,000.00            220,000.00
Ski Boat MO F           MO            200,000.00         12/14/21           FISHING PACKAGE          20,000.00            220,000.00
Ski Boat WA E           WA            400,000.00         12/14/21           ELECTRONICS              40,000.00            440,000.00
Ski Boat WA S           WA            400,000.00         12/14/21           SKI PACKAGE              40,000.00            440,000.00
Ski Boat WA F           WA            300,000.00         12/14/21           FISHING PACKAGE          30,000.00            330,000.00

                       SUBTOTALS FOR SKI BOAT               NUMBER SOLD:      9                                        $3,959,999.96

BOAT TYPE: JOHN BOAT                                                                                                                
                                                                                                                                    
John Boat IA E          IA                   .00         12/14/21           ELECTRONICS                    .00                   .00
John Boat IA S          IA            999,999.99         12/14/21           SKI PACKAGE              99,999.99          1,099,999.98
John Boat IA F          IA            999,999.99         12/14/21           FISHING PACKAGE          99,999.99          1,099,999.98





DATE: 01/05/2022                                     C SHIVELY'S BOATS INC.                                                 PAGE:  4

CUSTOMER                                    BOAT         PURCHASE           ACCESSORY                     PREP                 VALUE
LAST NAME              STATE                COST         DATE               PACKAGE                       COST                  COST
                                                                                                                                    
John Boat MO E          MO            100,000.00         12/14/21           ELECTRONICS              10,000.00            110,000.00
John Boat MO S          MO            200,000.00         12/14/21           SKI PACKAGE              20,000.00            220,000.00
John Boat MO F          MO            200,000.00         12/14/21           FISHING PACKAGE          20,000.00            220,000.00
John Boat WA E          WA            400,000.00         12/14/21           ELECTRONICS              40,000.00            440,000.00
John Boat WA S          WA            400,000.00         12/14/21           SKI PACKAGE              40,000.00            440,000.00
John Boat WA F          WA            300,000.00         12/14/21           FISHING PACKAGE          30,000.00            330,000.00

                       SUBTOTALS FOR JOHN BOAT              NUMBER SOLD:      9                                        $3,959,999.96

BOAT TYPE: CANOE                                                                                                                    
                                                                                                                                    
Canoe   IA  E           IA                   .00         12/14/21           ELECTRONICS                    .00                   .00
Canoe   IA  S           IA            999,999.99         12/14/21           SKI PACKAGE              99,999.99          1,099,999.98
Canoe   IA  F           IA            999,999.99         12/14/21           FISHING PACKAGE          99,999.99          1,099,999.98
Canoe   MO  E           MO            100,000.00         12/14/21           ELECTRONICS              10,000.00            110,000.00





DATE: 01/05/2022                                     C SHIVELY'S BOATS INC.                                                 PAGE:  5

CUSTOMER                                    BOAT         PURCHASE           ACCESSORY                     PREP                 VALUE
LAST NAME              STATE                COST         DATE               PACKAGE                       COST                  COST
                                                                                                                                    
Canoe   MO  S           MO            200,000.00         12/14/21           SKI PACKAGE              20,000.00            220,000.00
Canoe   MO  F           MO            200,000.00         12/14/21           FISHING PACKAGE          20,000.00            220,000.00
Canoe   WA  E           WA            400,000.00         12/14/21           ELECTRONICS              40,000.00            440,000.00
Canoe   WA  S           WA            400,000.00         12/14/21           SKI PACKAGE              40,000.00            440,000.00
Canoe   WA  F           WA            300,000.00         12/14/21           FISHING PACKAGE          30,000.00            330,000.00

                       SUBTOTALS FOR CANOE                  NUMBER SOLD:      9                                        $3,959,999.96

BOAT TYPE: PONTOON                                                                                                                  
                                                                                                                                    
CabinCruiserIAx         IA                   .00         12/14/21           ELECTRONICS                    .00                   .00
CabinCruiserIAx         IA            999,999.99         12/14/21           SKI PACKAGE              99,999.99          1,099,999.98
CabinCruiserIAx         IA            999,999.99         12/14/21           FISHING PACKAGE          99,999.99          1,099,999.98
CabinCruiserMOx         MO            100,000.00         12/14/21           ELECTRONICS              10,000.00            110,000.00
CabinCruiserMOx         MO            200,000.00         12/14/21           SKI PACKAGE              20,000.00            220,000.00





DATE: 01/05/2022                                     C SHIVELY'S BOATS INC.                                                 PAGE:  6

CUSTOMER                                    BOAT         PURCHASE           ACCESSORY                     PREP                 VALUE
LAST NAME              STATE                COST         DATE               PACKAGE                       COST                  COST
                                                                                                                                    
CabinCruiserMOx         MO            200,000.00         12/14/21           FISHING PACKAGE          20,000.00            220,000.00
CabinCruiserWAx         WA            400,000.00         12/14/21           ELECTRONICS              40,000.00            440,000.00
CabinCruiserWAx         WA            400,000.00         12/14/21           SKI PACKAGE              40,000.00            440,000.00
CabinCruiserWAx         WA            300,000.00         12/14/21           FISHING PACKAGE          30,000.00            330,000.00

                       SUBTOTALS FOR PONTOON                NUMBER SOLD:      9                                        $3,959,999.96


                       GRAND TOTALS                         NUMBER SOLD:     54                                       $23,759,999.76